running develop
running egg_info
creating robot_ai_mission_planner.egg-info
writing robot_ai_mission_planner.egg-info/PKG-INFO
writing dependency_links to robot_ai_mission_planner.egg-info/dependency_links.txt
writing entry points to robot_ai_mission_planner.egg-info/entry_points.txt
writing requirements to robot_ai_mission_planner.egg-info/requires.txt
writing top-level names to robot_ai_mission_planner.egg-info/top_level.txt
writing manifest file 'robot_ai_mission_planner.egg-info/SOURCES.txt'
reading manifest file 'robot_ai_mission_planner.egg-info/SOURCES.txt'
writing manifest file 'robot_ai_mission_planner.egg-info/SOURCES.txt'
running build_ext
Creating /home/augustin/robot-ai-mission-planner/ros2_ws/install/robot_ai_mission_planner/lib/python3.10/site-packages/robot-ai-mission-planner.egg-link (link to .)
Installing mission_planner script to /home/augustin/robot-ai-mission-planner/ros2_ws/install/robot_ai_mission_planner/lib/robot_ai_mission_planner

Installed /home/augustin/robot-ai-mission-planner/ros2_ws/build/robot_ai_mission_planner
running symlink_data
creating /home/augustin/robot-ai-mission-planner/ros2_ws/install/robot_ai_mission_planner/share/ament_index
creating /home/augustin/robot-ai-mission-planner/ros2_ws/install/robot_ai_mission_planner/share/ament_index/resource_index
creating /home/augustin/robot-ai-mission-planner/ros2_ws/install/robot_ai_mission_planner/share/ament_index/resource_index/packages
symbolically linking /home/augustin/robot-ai-mission-planner/ros2_ws/build/robot_ai_mission_planner/resource/robot_ai_mission_planner -> /home/augustin/robot-ai-mission-planner/ros2_ws/install/robot_ai_mission_planner/share/ament_index/resource_index/packages
symbolically linking /home/augustin/robot-ai-mission-planner/ros2_ws/build/robot_ai_mission_planner/package.xml -> /home/augustin/robot-ai-mission-planner/ros2_ws/install/robot_ai_mission_planner/share/robot_ai_mission_planner
