[0.479s] Invoking command in '/home/augustin/robot-ai-mission-planner/ros2_ws/build/robot_ai_mission_planner': PYTHONPATH=/home/augustin/robot-ai-mission-planner/ros2_ws/build/robot_ai_mission_planner/prefix_override:/usr/lib/python3/dist-packages/colcon_core/task/python/colcon_distutils_commands:/home/augustin/robot-ai-mission-planner/ros2_ws/install/robot_ai_mission_planner/lib/python3.10/site-packages:${PYTHONPATH} /usr/bin/python3 -W ignore:setup.py install is deprecated -W ignore:easy_install command is deprecated setup.py develop --editable --build-directory /home/augustin/robot-ai-mission-planner/ros2_ws/build/robot_ai_mission_planner/build --no-deps symlink_data
[0.673s] running develop
[0.804s] running egg_info
[0.804s] creating robot_ai_mission_planner.egg-info
[0.804s] writing robot_ai_mission_planner.egg-info/PKG-INFO
[0.804s] writing dependency_links to robot_ai_mission_planner.egg-info/dependency_links.txt
[0.804s] writing entry points to robot_ai_mission_planner.egg-info/entry_points.txt
[0.804s] writing requirements to robot_ai_mission_planner.egg-info/requires.txt
[0.804s] writing top-level names to robot_ai_mission_planner.egg-info/top_level.txt
[0.804s] writing manifest file 'robot_ai_mission_planner.egg-info/SOURCES.txt'
[0.806s] reading manifest file 'robot_ai_mission_planner.egg-info/SOURCES.txt'
[0.806s] writing manifest file 'robot_ai_mission_planner.egg-info/SOURCES.txt'
[0.807s] running build_ext
[0.808s] Creating /home/augustin/robot-ai-mission-planner/ros2_ws/install/robot_ai_mission_planner/lib/python3.10/site-packages/robot-ai-mission-planner.egg-link (link to .)
[0.808s] Installing mission_planner script to /home/augustin/robot-ai-mission-planner/ros2_ws/install/robot_ai_mission_planner/lib/robot_ai_mission_planner
[0.808s] 
[0.808s] Installed /home/augustin/robot-ai-mission-planner/ros2_ws/build/robot_ai_mission_planner
[0.808s] running symlink_data
[0.808s] creating /home/augustin/robot-ai-mission-planner/ros2_ws/install/robot_ai_mission_planner/share/ament_index
[0.808s] creating /home/augustin/robot-ai-mission-planner/ros2_ws/install/robot_ai_mission_planner/share/ament_index/resource_index
[0.808s] creating /home/augustin/robot-ai-mission-planner/ros2_ws/install/robot_ai_mission_planner/share/ament_index/resource_index/packages
[0.808s] symbolically linking /home/augustin/robot-ai-mission-planner/ros2_ws/build/robot_ai_mission_planner/resource/robot_ai_mission_planner -> /home/augustin/robot-ai-mission-planner/ros2_ws/install/robot_ai_mission_planner/share/ament_index/resource_index/packages
[0.808s] symbolically linking /home/augustin/robot-ai-mission-planner/ros2_ws/build/robot_ai_mission_planner/package.xml -> /home/augustin/robot-ai-mission-planner/ros2_ws/install/robot_ai_mission_planner/share/robot_ai_mission_planner
[0.827s] Invoked command in '/home/augustin/robot-ai-mission-planner/ros2_ws/build/robot_ai_mission_planner' returned '0': PYTHONPATH=/home/augustin/robot-ai-mission-planner/ros2_ws/build/robot_ai_mission_planner/prefix_override:/usr/lib/python3/dist-packages/colcon_core/task/python/colcon_distutils_commands:/home/augustin/robot-ai-mission-planner/ros2_ws/install/robot_ai_mission_planner/lib/python3.10/site-packages:${PYTHONPATH} /usr/bin/python3 -W ignore:setup.py install is deprecated -W ignore:easy_install command is deprecated setup.py develop --editable --build-directory /home/augustin/robot-ai-mission-planner/ros2_ws/build/robot_ai_mission_planner/build --no-deps symlink_data
