[0.093s] DEBUG:colcon:Command line arguments: ['/usr/bin/colcon', 'build', '--symlink-install']
[0.093s] DEBUG:colcon:Parsed command line arguments: Namespace(log_base=None, log_level=None, verb_name='build', build_base='build', install_base='install', merge_install=False, symlink_install=True, test_result_base=None, continue_on_error=False, executor='parallel', parallel_workers=8, event_handlers=None, ignore_user_meta=False, metas=['./colcon.meta'], base_paths=['.'], packages_ignore=None, packages_ignore_regex=None, paths=None, packages_up_to=None, packages_up_to_regex=None, packages_above=None, packages_above_and_dependencies=None, packages_above_depth=None, packages_select_by_dep=None, packages_skip_by_dep=None, packages_skip_up_to=None, packages_select_build_failed=False, packages_skip_build_finished=False, packages_select_test_failures=False, packages_skip_test_passed=False, packages_select=None, packages_skip=None, packages_select_regex=None, packages_skip_regex=None, packages_start=None, packages_end=None, allow_overriding=[], cmake_args=None, cmake_target=None, cmake_target_skip_unavailable=False, cmake_clean_cache=False, cmake_clean_first=False, cmake_force_configure=False, ament_cmake_args=None, catkin_cmake_args=None, catkin_skip_building_tests=False, mixin_files=None, mixin=None, verb_parser=<colcon_mixin.mixin.mixin_argument.MixinArgumentDecorator object at 0x75dd03ab09a0>, verb_extension=<colcon_core.verb.build.BuildVerb object at 0x75dd03ab04f0>, main=<bound method BuildVerb.main of <colcon_core.verb.build.BuildVerb object at 0x75dd03ab04f0>>, mixin_verb=('build',))
[0.260s] Level 1:colcon.colcon_core.package_discovery:discover_packages(colcon_meta) check parameters
[0.261s] Level 1:colcon.colcon_core.package_discovery:discover_packages(recursive) check parameters
[0.261s] Level 1:colcon.colcon_core.package_discovery:discover_packages(ignore) check parameters
[0.261s] Level 1:colcon.colcon_core.package_discovery:discover_packages(path) check parameters
[0.261s] Level 1:colcon.colcon_core.package_discovery:discover_packages(colcon_meta) discover
[0.261s] Level 1:colcon.colcon_core.package_discovery:discover_packages(recursive) discover
[0.261s] INFO:colcon.colcon_core.package_discovery:Crawling recursively for packages in '/home/augustin/robot-ai-mission-planner/ros2_ws'
[0.261s] Level 1:colcon.colcon_core.package_identification:_identify(.) by extensions ['ignore', 'ignore_ament_install']
[0.261s] Level 1:colcon.colcon_core.package_identification:_identify(.) by extension 'ignore'
[0.261s] Level 1:colcon.colcon_core.package_identification:_identify(.) by extension 'ignore_ament_install'
[0.261s] Level 1:colcon.colcon_core.package_identification:_identify(.) by extensions ['colcon_pkg']
[0.261s] Level 1:colcon.colcon_core.package_identification:_identify(.) by extension 'colcon_pkg'
[0.261s] Level 1:colcon.colcon_core.package_identification:_identify(.) by extensions ['colcon_meta']
[0.261s] Level 1:colcon.colcon_core.package_identification:_identify(.) by extension 'colcon_meta'
[0.261s] Level 1:colcon.colcon_core.package_identification:_identify(.) by extensions ['ros']
[0.261s] Level 1:colcon.colcon_core.package_identification:_identify(.) by extension 'ros'
[0.274s] Level 1:colcon.colcon_core.package_identification:_identify(.) by extensions ['cmake', 'python']
[0.274s] Level 1:colcon.colcon_core.package_identification:_identify(.) by extension 'cmake'
[0.274s] Level 1:colcon.colcon_core.package_identification:_identify(.) by extension 'python'
[0.274s] Level 1:colcon.colcon_core.package_identification:_identify(.) by extensions ['python_setup_py']
[0.274s] Level 1:colcon.colcon_core.package_identification:_identify(.) by extension 'python_setup_py'
[0.274s] Level 1:colcon.colcon_core.package_identification:_identify(build) by extensions ['ignore', 'ignore_ament_install']
[0.274s] Level 1:colcon.colcon_core.package_identification:_identify(build) by extension 'ignore'
[0.274s] Level 1:colcon.colcon_core.package_identification:_identify(build) ignored
[0.274s] Level 1:colcon.colcon_core.package_identification:_identify(install) by extensions ['ignore', 'ignore_ament_install']
[0.274s] Level 1:colcon.colcon_core.package_identification:_identify(install) by extension 'ignore'
[0.274s] Level 1:colcon.colcon_core.package_identification:_identify(install) ignored
[0.274s] Level 1:colcon.colcon_core.package_identification:_identify(log) by extensions ['ignore', 'ignore_ament_install']
[0.274s] Level 1:colcon.colcon_core.package_identification:_identify(log) by extension 'ignore'
[0.274s] Level 1:colcon.colcon_core.package_identification:_identify(log) ignored
[0.274s] Level 1:colcon.colcon_core.package_identification:_identify(src) by extensions ['ignore', 'ignore_ament_install']
[0.274s] Level 1:colcon.colcon_core.package_identification:_identify(src) by extension 'ignore'
[0.274s] Level 1:colcon.colcon_core.package_identification:_identify(src) by extension 'ignore_ament_install'
[0.275s] Level 1:colcon.colcon_core.package_identification:_identify(src) by extensions ['colcon_pkg']
[0.275s] Level 1:colcon.colcon_core.package_identification:_identify(src) by extension 'colcon_pkg'
[0.275s] Level 1:colcon.colcon_core.package_identification:_identify(src) by extensions ['colcon_meta']
[0.275s] Level 1:colcon.colcon_core.package_identification:_identify(src) by extension 'colcon_meta'
[0.275s] Level 1:colcon.colcon_core.package_identification:_identify(src) by extensions ['ros']
[0.275s] Level 1:colcon.colcon_core.package_identification:_identify(src) by extension 'ros'
[0.275s] Level 1:colcon.colcon_core.package_identification:_identify(src) by extensions ['cmake', 'python']
[0.275s] Level 1:colcon.colcon_core.package_identification:_identify(src) by extension 'cmake'
[0.275s] Level 1:colcon.colcon_core.package_identification:_identify(src) by extension 'python'
[0.275s] Level 1:colcon.colcon_core.package_identification:_identify(src) by extensions ['python_setup_py']
[0.275s] Level 1:colcon.colcon_core.package_identification:_identify(src) by extension 'python_setup_py'
[0.275s] Level 1:colcon.colcon_core.package_identification:_identify(src/robot_ai_mission_planner) by extensions ['ignore', 'ignore_ament_install']
[0.275s] Level 1:colcon.colcon_core.package_identification:_identify(src/robot_ai_mission_planner) by extension 'ignore'
[0.275s] Level 1:colcon.colcon_core.package_identification:_identify(src/robot_ai_mission_planner) by extension 'ignore_ament_install'
[0.275s] Level 1:colcon.colcon_core.package_identification:_identify(src/robot_ai_mission_planner) by extensions ['colcon_pkg']
[0.275s] Level 1:colcon.colcon_core.package_identification:_identify(src/robot_ai_mission_planner) by extension 'colcon_pkg'
[0.275s] Level 1:colcon.colcon_core.package_identification:_identify(src/robot_ai_mission_planner) by extensions ['colcon_meta']
[0.275s] Level 1:colcon.colcon_core.package_identification:_identify(src/robot_ai_mission_planner) by extension 'colcon_meta'
[0.275s] Level 1:colcon.colcon_core.package_identification:_identify(src/robot_ai_mission_planner) by extensions ['ros']
[0.275s] Level 1:colcon.colcon_core.package_identification:_identify(src/robot_ai_mission_planner) by extension 'ros'
[0.277s] DEBUG:colcon.colcon_core.package_identification:Package 'src/robot_ai_mission_planner' with type 'ros.ament_python' and name 'robot_ai_mission_planner'
[0.277s] Level 1:colcon.colcon_core.package_discovery:discover_packages(recursive) using defaults
[0.277s] Level 1:colcon.colcon_core.package_discovery:discover_packages(ignore) discover
[0.277s] Level 1:colcon.colcon_core.package_discovery:discover_packages(ignore) using defaults
[0.277s] Level 1:colcon.colcon_core.package_discovery:discover_packages(path) discover
[0.277s] Level 1:colcon.colcon_core.package_discovery:discover_packages(path) using defaults
[0.292s] Level 1:colcon.colcon_core.package_discovery:discover_packages(prefix_path) check parameters
[0.292s] Level 1:colcon.colcon_core.package_discovery:discover_packages(prefix_path) discover
[0.295s] DEBUG:colcon.colcon_installed_package_information.package_discovery:Found 461 installed packages in /opt/ros/humble
[0.296s] Level 1:colcon.colcon_core.package_discovery:discover_packages(prefix_path) using defaults
[0.330s] Level 5:colcon.colcon_core.verb:set package 'robot_ai_mission_planner' build argument 'cmake_args' from command line to 'None'
[0.330s] Level 5:colcon.colcon_core.verb:set package 'robot_ai_mission_planner' build argument 'cmake_target' from command line to 'None'
[0.330s] Level 5:colcon.colcon_core.verb:set package 'robot_ai_mission_planner' build argument 'cmake_target_skip_unavailable' from command line to 'False'
[0.330s] Level 5:colcon.colcon_core.verb:set package 'robot_ai_mission_planner' build argument 'cmake_clean_cache' from command line to 'False'
[0.330s] Level 5:colcon.colcon_core.verb:set package 'robot_ai_mission_planner' build argument 'cmake_clean_first' from command line to 'False'
[0.330s] Level 5:colcon.colcon_core.verb:set package 'robot_ai_mission_planner' build argument 'cmake_force_configure' from command line to 'False'
[0.330s] Level 5:colcon.colcon_core.verb:set package 'robot_ai_mission_planner' build argument 'ament_cmake_args' from command line to 'None'
[0.330s] Level 5:colcon.colcon_core.verb:set package 'robot_ai_mission_planner' build argument 'catkin_cmake_args' from command line to 'None'
[0.330s] Level 5:colcon.colcon_core.verb:set package 'robot_ai_mission_planner' build argument 'catkin_skip_building_tests' from command line to 'False'
[0.331s] DEBUG:colcon.colcon_core.verb:Building package 'robot_ai_mission_planner' with the following arguments: {'ament_cmake_args': None, 'build_base': '/home/augustin/robot-ai-mission-planner/ros2_ws/build/robot_ai_mission_planner', 'catkin_cmake_args': None, 'catkin_skip_building_tests': False, 'cmake_args': None, 'cmake_clean_cache': False, 'cmake_clean_first': False, 'cmake_force_configure': False, 'cmake_target': None, 'cmake_target_skip_unavailable': False, 'install_base': '/home/augustin/robot-ai-mission-planner/ros2_ws/install/robot_ai_mission_planner', 'merge_install': False, 'path': '/home/augustin/robot-ai-mission-planner/ros2_ws/src/robot_ai_mission_planner', 'symlink_install': True, 'test_result_base': None}
[0.331s] INFO:colcon.colcon_core.executor:Executing jobs using 'parallel' executor
[0.331s] DEBUG:colcon.colcon_parallel_executor.executor.parallel:run_until_complete
[0.331s] INFO:colcon.colcon_ros.task.ament_python.build:Building ROS package in '/home/augustin/robot-ai-mission-planner/ros2_ws/src/robot_ai_mission_planner' with build type 'ament_python'
[0.332s] Level 1:colcon.colcon_core.shell:create_environment_hook('robot_ai_mission_planner', 'ament_prefix_path')
[0.334s] INFO:colcon.colcon_core.plugin_system:Skipping extension 'colcon_core.shell.bat': Not used on non-Windows systems
[0.334s] INFO:colcon.colcon_core.shell:Creating environment hook '/home/augustin/robot-ai-mission-planner/ros2_ws/install/robot_ai_mission_planner/share/robot_ai_mission_planner/hook/ament_prefix_path.ps1'
[0.334s] INFO:colcon.colcon_core.shell:Creating environment descriptor '/home/augustin/robot-ai-mission-planner/ros2_ws/install/robot_ai_mission_planner/share/robot_ai_mission_planner/hook/ament_prefix_path.dsv'
[0.335s] INFO:colcon.colcon_core.shell:Creating environment hook '/home/augustin/robot-ai-mission-planner/ros2_ws/install/robot_ai_mission_planner/share/robot_ai_mission_planner/hook/ament_prefix_path.sh'
[0.335s] INFO:colcon.colcon_core.shell:Skip shell extension 'powershell' for command environment: Not usable outside of PowerShell
[0.335s] DEBUG:colcon.colcon_core.shell:Skip shell extension 'dsv' for command environment
[0.528s] INFO:colcon.colcon_core.task.python.build:Building Python package in '/home/augustin/robot-ai-mission-planner/ros2_ws/src/robot_ai_mission_planner'
[0.528s] INFO:colcon.colcon_core.shell:Skip shell extension 'powershell' for command environment: Not usable outside of PowerShell
[0.528s] DEBUG:colcon.colcon_core.shell:Skip shell extension 'dsv' for command environment
[0.811s] DEBUG:colcon.colcon_core.event_handler.log_command:Invoking command in '/home/augustin/robot-ai-mission-planner/ros2_ws/build/robot_ai_mission_planner': PYTHONPATH=/home/augustin/robot-ai-mission-planner/ros2_ws/build/robot_ai_mission_planner/prefix_override:/usr/lib/python3/dist-packages/colcon_core/task/python/colcon_distutils_commands:/home/augustin/robot-ai-mission-planner/ros2_ws/install/robot_ai_mission_planner/lib/python3.10/site-packages:${PYTHONPATH} /usr/bin/python3 -W ignore:setup.py install is deprecated -W ignore:easy_install command is deprecated setup.py develop --editable --build-directory /home/augustin/robot-ai-mission-planner/ros2_ws/build/robot_ai_mission_planner/build --no-deps symlink_data
[1.158s] Level 1:colcon.colcon_core.shell:create_environment_hook('robot_ai_mission_planner', 'pythonpath_develop')
[1.159s] INFO:colcon.colcon_core.shell:Creating environment hook '/home/augustin/robot-ai-mission-planner/ros2_ws/build/robot_ai_mission_planner/share/robot_ai_mission_planner/hook/pythonpath_develop.ps1'
[1.159s] DEBUG:colcon.colcon_core.event_handler.log_command:Invoked command in '/home/augustin/robot-ai-mission-planner/ros2_ws/build/robot_ai_mission_planner' returned '0': PYTHONPATH=/home/augustin/robot-ai-mission-planner/ros2_ws/build/robot_ai_mission_planner/prefix_override:/usr/lib/python3/dist-packages/colcon_core/task/python/colcon_distutils_commands:/home/augustin/robot-ai-mission-planner/ros2_ws/install/robot_ai_mission_planner/lib/python3.10/site-packages:${PYTHONPATH} /usr/bin/python3 -W ignore:setup.py install is deprecated -W ignore:easy_install command is deprecated setup.py develop --editable --build-directory /home/augustin/robot-ai-mission-planner/ros2_ws/build/robot_ai_mission_planner/build --no-deps symlink_data
[1.159s] INFO:colcon.colcon_core.shell:Creating environment descriptor '/home/augustin/robot-ai-mission-planner/ros2_ws/build/robot_ai_mission_planner/share/robot_ai_mission_planner/hook/pythonpath_develop.dsv'
[1.160s] INFO:colcon.colcon_core.shell:Creating environment hook '/home/augustin/robot-ai-mission-planner/ros2_ws/build/robot_ai_mission_planner/share/robot_ai_mission_planner/hook/pythonpath_develop.sh'
[1.163s] Level 1:colcon.colcon_core.environment:checking '/home/augustin/robot-ai-mission-planner/ros2_ws/install/robot_ai_mission_planner' for CMake module files
[1.163s] Level 1:colcon.colcon_core.environment:checking '/home/augustin/robot-ai-mission-planner/ros2_ws/install/robot_ai_mission_planner' for CMake config files
[1.163s] Level 1:colcon.colcon_core.environment:checking '/home/augustin/robot-ai-mission-planner/ros2_ws/install/robot_ai_mission_planner/lib'
[1.163s] Level 1:colcon.colcon_core.environment:checking '/home/augustin/robot-ai-mission-planner/ros2_ws/install/robot_ai_mission_planner/bin'
[1.163s] Level 1:colcon.colcon_core.environment:checking '/home/augustin/robot-ai-mission-planner/ros2_ws/install/robot_ai_mission_planner/lib/pkgconfig/robot_ai_mission_planner.pc'
[1.164s] Level 1:colcon.colcon_core.environment:checking '/home/augustin/robot-ai-mission-planner/ros2_ws/install/robot_ai_mission_planner/lib/python3.10/site-packages'
[1.164s] Level 1:colcon.colcon_core.shell:create_environment_hook('robot_ai_mission_planner', 'pythonpath')
[1.164s] INFO:colcon.colcon_core.shell:Creating environment hook '/home/augustin/robot-ai-mission-planner/ros2_ws/install/robot_ai_mission_planner/share/robot_ai_mission_planner/hook/pythonpath.ps1'
[1.164s] INFO:colcon.colcon_core.shell:Creating environment descriptor '/home/augustin/robot-ai-mission-planner/ros2_ws/install/robot_ai_mission_planner/share/robot_ai_mission_planner/hook/pythonpath.dsv'
[1.164s] INFO:colcon.colcon_core.shell:Creating environment hook '/home/augustin/robot-ai-mission-planner/ros2_ws/install/robot_ai_mission_planner/share/robot_ai_mission_planner/hook/pythonpath.sh'
[1.165s] Level 1:colcon.colcon_core.environment:checking '/home/augustin/robot-ai-mission-planner/ros2_ws/install/robot_ai_mission_planner/bin'
[1.165s] Level 1:colcon.colcon_core.environment:create_environment_scripts_only(robot_ai_mission_planner)
[1.165s] INFO:colcon.colcon_core.shell:Creating package script '/home/augustin/robot-ai-mission-planner/ros2_ws/install/robot_ai_mission_planner/share/robot_ai_mission_planner/package.ps1'
[1.165s] INFO:colcon.colcon_core.shell:Creating package descriptor '/home/augustin/robot-ai-mission-planner/ros2_ws/install/robot_ai_mission_planner/share/robot_ai_mission_planner/package.dsv'
[1.166s] INFO:colcon.colcon_core.shell:Creating package script '/home/augustin/robot-ai-mission-planner/ros2_ws/install/robot_ai_mission_planner/share/robot_ai_mission_planner/package.sh'
[1.166s] INFO:colcon.colcon_core.shell:Creating package script '/home/augustin/robot-ai-mission-planner/ros2_ws/install/robot_ai_mission_planner/share/robot_ai_mission_planner/package.bash'
[1.167s] INFO:colcon.colcon_core.shell:Creating package script '/home/augustin/robot-ai-mission-planner/ros2_ws/install/robot_ai_mission_planner/share/robot_ai_mission_planner/package.zsh'
[1.168s] Level 1:colcon.colcon_core.environment:create_file_with_runtime_dependencies(/home/augustin/robot-ai-mission-planner/ros2_ws/install/robot_ai_mission_planner/share/colcon-core/packages/robot_ai_mission_planner)
[1.168s] DEBUG:colcon.colcon_parallel_executor.executor.parallel:closing loop
[1.168s] DEBUG:colcon.colcon_parallel_executor.executor.parallel:loop closed
[1.168s] DEBUG:colcon.colcon_parallel_executor.executor.parallel:run_until_complete finished with '0'
[1.168s] DEBUG:colcon.colcon_core.event_reactor:joining thread
[1.174s] INFO:colcon.colcon_core.plugin_system:Skipping extension 'colcon_notification.desktop_notification.terminal_notifier': Not used on non-Darwin systems
[1.174s] INFO:colcon.colcon_core.plugin_system:Skipping extension 'colcon_notification.desktop_notification.win32': Not used on non-Windows systems
[1.174s] INFO:colcon.colcon_notification.desktop_notification:Sending desktop notification using 'notify2'
[1.184s] DEBUG:colcon.colcon_core.event_reactor:joined thread
[1.184s] INFO:colcon.colcon_core.shell:Creating prefix script '/home/augustin/robot-ai-mission-planner/ros2_ws/install/local_setup.ps1'
[1.185s] INFO:colcon.colcon_core.shell:Creating prefix util module '/home/augustin/robot-ai-mission-planner/ros2_ws/install/_local_setup_util_ps1.py'
[1.186s] INFO:colcon.colcon_core.shell:Creating prefix chain script '/home/augustin/robot-ai-mission-planner/ros2_ws/install/setup.ps1'
[1.187s] INFO:colcon.colcon_core.shell:Creating prefix script '/home/augustin/robot-ai-mission-planner/ros2_ws/install/local_setup.sh'
[1.188s] INFO:colcon.colcon_core.shell:Creating prefix util module '/home/augustin/robot-ai-mission-planner/ros2_ws/install/_local_setup_util_sh.py'
[1.188s] INFO:colcon.colcon_core.shell:Creating prefix chain script '/home/augustin/robot-ai-mission-planner/ros2_ws/install/setup.sh'
[1.189s] INFO:colcon.colcon_core.shell:Creating prefix script '/home/augustin/robot-ai-mission-planner/ros2_ws/install/local_setup.bash'
[1.190s] INFO:colcon.colcon_core.shell:Creating prefix chain script '/home/augustin/robot-ai-mission-planner/ros2_ws/install/setup.bash'
[1.192s] INFO:colcon.colcon_core.shell:Creating prefix script '/home/augustin/robot-ai-mission-planner/ros2_ws/install/local_setup.zsh'
[1.192s] INFO:colcon.colcon_core.shell:Creating prefix chain script '/home/augustin/robot-ai-mission-planner/ros2_ws/install/setup.zsh'
